 ✓ Updated kyazdani42/nvim-tree.lua: 2dfed89..477536c
  URL: https://github.com/kyazdani42/nvim-tree.lua
  Commits:
    477536c fix: fix mis-naming for system clipboard config (#1160) (2 days ago)
    9c272b9 fix: trash filenames with spaces (#1156) (4 days ago)
    fc925d8 fix: add spaces to prompts and blankline to rename output (#1154) (4 days ago)
    94ce41c fix: lib.get_node_at_cursor offset when root folder is / (4 days ago)
    6e0e70b feat: delete preview buffers #1145 (#1149) (5 days ago)
    d5e4f06 add view.indent_markers (#1134) (5 days ago)
    83fe370 Added actions.opts.use_sys_clipboard, [issue: 789 ]  (#1141) (5 days ago)
    347218d doc: add simple contributing.md file (6 days ago)
    1bdef08 #1059 protect against duplicates (#1143) (6 days ago)
    deb1f25 fix(statusline): better window picker highlight (#1139) (6 days ago)
    618ea25 fix: clear prompt when creating file (9 days ago)
    924aa29 feat: add hl_group for file icons (#1131) (11 days ago)
    6368880 add open_on_setup_file option (#1133) (12 days ago)
    8340753 Preserve cursor position across redraws (#1132) (12 days ago)
    00fd8ae feat: filters.custom can specify regex (#1112) (13 days ago)
    4d8ab7d fix: close and reopen file as edit when tree is overriden (13 days ago)
    62906f0 fix: collapse exit early if nvim-tree not loaded (#1128) (13 days ago)
    51d1af4 stylua indent (13 days ago)

    5958fd5 refacto: use view.resize in view.reposition_window (2 weeks ago)

    5eef618 fix missing " and "toggle without focus" example (#1116) (3 weeks ago)
    057f9f7 add nvim-tree.lua neovim version note (3 weeks ago)
    524758a chore: remove auto close (3 weeks ago)
    ba121f0 document performance issues and add to bug report template (#1111) (3 weeks ago)
    bd23c88 profile uses uv.hrtime (#1110) (3 weeks ago)
    591b648 update doc g:nvim_tree_icons to match defaults (3 weeks ago)
    cc387e8 Merge pull request #1107 from kyazdani42/#1099-search-obey-ignored (3 weeks ago)
    1831417 refacto: add get_nodes_starting_line core util (3 weeks ago)
    20433ce chore: add not about nosplitright in the readme (3 weeks ago)
    54c78db #791 add profiling for some operations (#1108) (3 weeks ago)
    015234e #837 find file symlinks fixes (#1093) (3 weeks ago)
    54c7cdb #1099 search obeys active ignore filters (3 weeks ago)
    1352cb3 naming fix for luacheck 0.26.0 (3 weeks ago)
    7b0ebf8 feat: Use vim.ui.input for rename and create (#1097) (3 weeks ago)
    6492d43 Rename child buffers when renaming directory (#1095) (3 weeks ago)
    57d6f70 fix: window picker bug on global statusline (#1098) (3 weeks ago)
    e87ee0e chore: license open-file as MIT (4 weeks ago)
    fc70954 #837 search subdirs (#1092) (4 weeks ago)
    5c20f5a markdown comments displayed in text block; replace with lua comments (#1090) (4 weeks ago)
    9eea0ca #504 determine whether symlinked directories are empty when building (#1089) (4 weeks ago)
    3cf67c5 fix: remove diagnostics in help view (4 weeks ago)
    a2fc297 fix: legacy options needs a table (4 weeks ago)
    20797a8 #1050 #1068 various default options tweaks (#1074) (4 weeks ago)
    ecbe3ad fix: folder icon highlight (#1086) (4 weeks ago)
    e307ad9 feat: open node when using search-node action (#1082) (4 weeks ago)
    d60773e Set target window whenever we open "open" a visible tree (#1080) (4 weeks ago)
    a50fd77 #857 add filter_custom action, filter_ignored->filter_git_ignored (#1077) (4 weeks ago)
    b136c7b #1064 add copy_paste logging and more error copy-paste error handling (#1076) (4 weeks ago)
    d93a93c fix: staged typechange in git (5 weeks ago)
    a65078e #1060 use one log file with the option to truncate (#1075) (5 weeks ago)
    2457e14 fix: do not crash file-popup when node is root dir (5 weeks ago)
    5af3cfa fix: split if nvim-tree is the only window (5 weeks ago)
    471afc1 refacto: abstract TreeExplorer in core.lua (5 weeks ago)
    d2b12d6 chore: format (5 weeks ago)
    144bce7 refacto: move renderer git into file (5 weeks ago)
    60a9c86 feat: make it possible to collapse the tree but keep the directories open which are in used in buffers (#1057) (5 weeks ago)
    d5a12ac fix: correct index in movement actions (#1058) (5 weeks ago)
    08c5766 fix: switch order of modification time sorter (5 weeks ago)
    19075f4 File logging (#1053) (6 weeks ago)
    0816064 chore: add stylua to format the codebase, and run on CI (#1055) (6 weeks ago)
    76d181d refacto: move filters and sorters in their own modules (6 weeks ago)
    5cfe768 fix: resize if size is nil (6 weeks ago)
    c25be06 feat: close file info popup if on same node (#1054) (6 weeks ago)
    b493e23 fix: wipe buffer before initializing (6 weeks ago)
    7878e92 New Bug Report Template (#1051) (6 weeks ago)
    7cb6897 feature: add feature to increase/decrease size (#1048) (6 weeks ago)
    ceadf83 feat: add file size in popup (#1049) (6 weeks ago)
    5015e72 remove tabs (#1047) (6 weeks ago)
    ac858a2 fix(run-command): handle current directory node (#1046) (6 weeks ago)
    a3f256d fix(find-file): match folders with prefix, not containing the node (6 weeks ago)
    f6aba66 Close help on q/close instead of ignore keypress (#1043) (6 weeks ago)
    690c7e9 feat: add sort_by option to sort files by modification time (#1040) (6 weeks ago)
    50a927f feat: add popup information (#1042) (6 weeks ago)
    4fedb93 feat: add new keybinding "b" to run a command in the focused node (#1024) (6 weeks ago)
    866442f feat: focus current buffer when opening in current buffer (6 weeks ago)
    9b03ab4 remove table_tostring (#1036) (6 weeks ago)
    38cc630 fix: forgot resize_window option in open-file setup (6 weeks ago)
    0e7856f BREAKING_CHANGE: nvim-tree buffer was renamed (6 weeks ago)
    f37c3ff chore: move old option into setup from entrypoint to legacy.lua (6 weeks ago)
    5624bf1 chore: add feature request template (6 weeks ago)

    6af2d5a chore: move auto_resize to actions.open_file.resize_window (6 weeks ago)

    9ec710e remove semicolons (#1035) (6 weeks ago)
    1b8757e fix: changed search_node action to determine correct index (#1022) (6 weeks ago)
    61a59ff feat: new config to be able to always open the tree on setup (#1023) (6 weeks ago)
    97717d8 G migration mechanism (#1030) (6 weeks ago)
    3d8912c add more sensible defaults for window_picker.excludes (#1027) (6 weeks ago)
    7034d26 doc: remove unused g: (#1028) (6 weeks ago)
    ce3604d #972 bug: prev_git_item with hijack_cursor selects icon instead of previous file (#1025) (6 weeks ago)
    48e76bc feat: Add a new keybinding to search and expand a certain path (#1014) (7 weeks ago)
    19346da fix: abandon window and bufnr before editing file (7 weeks ago)
    0fcd661 feat: allow not changing the cwd when changing directories (#1019) (7 weeks ago)
    3486c48 fix: add config for preserving window proportions on open file (#999) (7 weeks ago)
    61b57e3 doc: fix mappings setup for vinegar (7 weeks ago)
    2898c4d hotfix: avoid duplicates when finding file (7 weeks ago)
    9bea194 chore: fix documentation on vinegar (7 weeks ago)
    494c9ec fix(auto_close): do not close tree if buffers are modified (7 weeks ago)
    600aa84 fix(auto_close): do not close when buffer is modified (7 weeks ago)
    56edf79 fix(auto_close): abort when win closed is telescope (7 weeks ago)
    69867f4 chore: move window picker configuration in setup (7 weeks ago)
    3920e56 fix: forget window when quit_on_open is true and buffer is wiped (7 weeks ago)
    b59ff27 fix: typo in doc (7 weeks ago)
    f8f297a feat: add vinegar abilities to the tree (7 weeks ago)
    f977e5c refacto: make git module interface to wait for job to finish (7 weeks ago)
    a9fe57c chore: update docs to add H and formatting (7 weeks ago)
    9f3dc98 feat: Add a new keybinding "W" to collapse the whole tree (#1013) (8 weeks ago)

    -- ERROR
    95df001 fix(doc): nvim_tree_create_in_closed_folder default value (#1015) (8 weeks ago)

    58b81ed refacto: remove rendering from lib.init (8 weeks ago)
    9008bac hotfix: force redraw when changing directory (8 weeks ago)
    e1c6a57 fix: wait for init to finish before finding file (8 weeks ago)
    83f398e fix: opening tree (8 weeks ago)
    209bc3d fix: properly manage directory and unnamed buffers hijacking (8 weeks ago)
    ec7043c refacto: extract functions in explorer (8 weeks ago)
    527d88d refacto: simplify interface of reload and explore (8 weeks ago)
    41f5150 fix: use "" as flag to remove default mappings (#1011) (8 weeks ago)
    a1937ca 1007 do not wipe modified buffers when hijack unnamed buffer when opening (#1009) (8 weeks ago)
    589e39d chore: document toggle method second parameter (8 weeks ago)
    44ffcb6 #998 allow users to unmap keys, remove user keys from default multi key maps (#1000) (8 weeks ago)
    070a57a #973 copy action_cb for view.mappings.custom_only (#997) (8 weeks ago)
    2e1f82d fix: reload group_next properly (8 weeks ago)
    4448938 fix: multiple find-file triggered at the same time duplicates files (8 weeks ago)
    e8ecfbf fix: do not hijack unnamed buffer when opening manually (8 weeks ago)
    dbf172c fix: do not match ignored when not showing untracked files (#996) (8 weeks ago)
    bbad18b fix: reset autocmds when require again (#995) (8 weeks ago)

    -- ERROR
    5f047bc fix: close windows properly (#924) (8 weeks ago)

    06cabd5 fix: also hijack netrw on VimEnter (#994) (8 weeks ago)
    f7a6ddb fix: do not hijack dashboard window during open (8 weeks ago)
    76d4ed5 feat: add ability to not hijack the unnamed buffer (8 weeks ago)
    015e7e8 fix: focus view if view is open on nvim-tree.open (8 weeks ago)
    bf697d7 chore: leave netrw enabled by default but still hijack it (8 weeks ago)
    5a6fd49 fix: check bufnr is valid in diagnostics (8 weeks ago)
    64c098d fix: schedule find-file, not toggle (8 weeks ago)
    0c43c80 fix lint issue (8 weeks ago)
    72305f3 fix: schedule find-file on toggle to avoid searching for nvim-tree (8 weeks ago)
    90ea6c0 feat: allow no focus in toggle (8 weeks ago)
    121f5c9 fix: use canonical path in windows (#977) (8 weeks ago)
    fdf63e5 fix: use fs_realpath to normalize path (#978) (8 weeks ago)
    d34ea42 fix: find file waits for git to finish (#976) (8 weeks ago)
    1a5ee28 fix: fallback to window 0 when winnr is nil in focus (8 weeks ago)
    c584ac3 fix: do not update diagnostics when tree is nil (8 weeks ago)
    b1127c5 fix: auto open on tab (8 weeks ago)
    ad2802d fix: do not update cwd when changing window (8 weeks ago)
    ac3f02a tempfix: redraw when setting cursor to address a neovim issue (8 weeks ago)

    -- ERROR
    6da7467 refacto: buffer management, setup fixes, autocmd fixes (#967) (8 weeks ago)

    -- NO ERROR 
    3f4ed9b fix: reload git status of existing nodes (#975) (9 weeks ago)

    -- NO ERROR 
    95c331c fix: revert git item movement direction (9 weeks ago)

    -- NO ERROR
    0f7da14 chore: add guards to prepare setup refactoring (9 weeks ago)
    0708a1c chore: use entry point open instead of lib open (9 weeks ago)

    -- NO ERROR  
    36afa32 chore: move _prevent_buffer_override in entry file (9 weeks ago)
    c226eaf fix: bufnr is nil when incomplete setup. (#955) (9 weeks ago)
    da59247 Fixed some trailing slash bugs (#957) (9 weeks ago)

    -- NO ERROR
    b54de4b doc(readme): update requirement from 0.5 to 0.6 (9 weeks ago)

    a979e3b chore: simplify readme (9 weeks ago)
    5250423 fix: lint issues (9 weeks ago)

    -- NO ERROR
    4fc9cb1 chore: move code around (9 weeks ago)

    4ec8c9f Added a new option `auto_reload_on_write` to allow users to disable it for performance reasons (#956) (9 weeks ago)

    -- NO ERROR
    5744c46 fix(temporary): defer colors setup and hijack window (9 weeks ago)

    879049a fix: create buffer during setup schedule (9 weeks ago)
    f938bcb fix: cleanup all dirs when hijacking window (9 weeks ago)
    e5aff47 fix: schedule view setup to allow session to load (9 weeks ago)
    c8aa3c3 fix: clear buffer when hijacking if view bufnr is already defined (9 weeks ago)
    7a19c3e fix: reschedule on_enter and setup autocmd (9 weeks ago)
    92a64da fix: normalize cwd with '..' (9 weeks ago)
    d8bf1ad fix: update neovim path when nvim is opened with `nvim dir` (9 weeks ago)
    f183c7f chore: move last autocmds from view to entrypoint (9 weeks ago)
    ea92e7b refacto: set tree explorer in the global state (9 weeks ago)
    e42a433 fix: do not group empty at root (9 weeks ago)
    1ab7812 fix: properly reload nodes (9 weeks ago)
    47ccc29 refacto: move toggle help and filter toggles into actions (9 weeks ago)
    230a61d fix: disable highlighting 'number' when CursorLine is enabled (#941) (9 weeks ago)
    d1ff893 fix: disable update_to_buf_dir when netrw is not disabled (10 weeks ago)
    e1c3744 refacto: rewrite reloader (10 weeks ago)
    7fec0f6 chore: simplify reloader and start fixing group nodes refresh (10 weeks ago)
    7d33b0f fix: Delete a file as an open buffer (#939) (10 weeks ago)
    9215533 fix: defer to 100ms empty buffer removal (10 weeks ago)
    f173d28 fix: remove schedule for on_enter (10 weeks ago)
    923e034 refacto: sort actions declaration, remove close from main file (10 weeks ago)
    0573c68 fix: check tree exists before hijacking buffer dir (10 weeks ago)
    b766021 refacto: simplify explorer and make it a bit faster (10 weeks ago)
    8a6c7ba refacto: move code ton explorer and simplify some internal apis (10 weeks ago)
    8b27fd4 refacto: move target_winid outside of tree (10 weeks ago)
    74791bb refacto: split explorer module into multiple files (10 weeks ago)
    7829d7c refacto: move set_index_and_redraw -> actions.find-file.fn (10 weeks ago)
    23c95a6 chore: move refresh/reloaders into actions.reloaders (10 weeks ago)
    7b64075 fix: close_node (#931) (10 weeks ago)
    1fe29f8 chore: move g:nvim_tree_quit_on_open into open_file action config (10 weeks ago)
    756b7ac chore: cleanup dir and file creation in explorer (10 weeks ago)
    4a9e531 refacto: ubiquitous language renaming (10 weeks ago)
    10b4a97 fix: check type callback is function in refresh (10 weeks ago)
    f74dd24 refacto: move some code into actions (10 weeks ago)
    95e3aac chore: reindent sibling function (10 weeks ago)
    3936829 fix(file creation): containing folder offset in input (10 weeks ago)
    8c4fd51 chore(refacto): move parent and sibling functions into actions (10 weeks ago)

    -- NO ERROR

    96650c8 BREAKING: rename populate -> explorer (10 weeks ago)

    067525a chore(doc): remove old unused hl groups (10 weeks ago)
    4af3104 fix(git): properly assign git status to directories (10 weeks ago)
    5697dc4 fix: typo in view for focused file (10 weeks ago)
    52dd040 chore: extract functions initialization in create-file (10 weeks ago)
    c74c44d fix: remove unused config from doc (10 weeks ago)
    192b226 fix: synchronous file creation (10 weeks ago)
    9880c22 fix: do not error out when opening with swapfile (10 weeks ago)
    99d65af  fix: update diagnostic icon when a node is closed (2 months ago)
    0bc8258 fix: parent_node offset when hide_root_folder is true (#912) (2 months ago)
    af33378 Fix git icons on files and folders in subfolders (#911) (2 months ago)

    6eebc10 fix(actions) trashing (#916) (2 months ago)


